Flow report for IP_UART_ET_TELEMETRE_US
Sun May 06 21:50:30 2018
Quartus II 32-bit Version 13.0.1 Build 232 06/12/2013 Service Pack 1 SJ Web Edition


---------------------
; Table of Contents ;
---------------------
  1. Legal Notice
  2. Flow Summary
  3. Flow Settings
  4. Flow Non-Default Global Settings
  5. Flow Elapsed Time
  6. Flow OS Summary
  7. Flow Log
  8. Flow Messages
  9. Flow Suppressed Messages



----------------
; Legal Notice ;
----------------
Copyright (C) 1991-2013 Altera Corporation
Your use of Altera Corporation's design tools, logic functions 
and other software and tools, and its AMPP partner logic 
functions, and any output files from any of the foregoing 
(including device programming or simulation files), and any 
associated documentation or information are expressly subject 
to the terms and conditions of the Altera Program License 
Subscription Agreement, Altera MegaCore Function License 
Agreement, or other applicable license agreement, including, 
without limitation, that your use is for the sole purpose of 
programming logic devices manufactured by Altera and sold by 
Altera or its authorized distributors.  Please refer to the 
applicable agreement for further details.



+--------------------------------------------------------------------------------------+
; Flow Summary                                                                         ;
+------------------------------------+-------------------------------------------------+
; Flow Status                        ; Successful - Sun May 06 21:50:30 2018           ;
; Quartus II 32-bit Version          ; 13.0.1 Build 232 06/12/2013 SP 1 SJ Web Edition ;
; Revision Name                      ; IP_UART_ET_TELEMETRE_US                         ;
; Top-level Entity Name              ; ReferenceDesign                                 ;
; Family                             ; Cyclone II                                      ;
; Device                             ; EP2C35F672C6                                    ;
; Timing Models                      ; Final                                           ;
; Total logic elements               ; 1,400 / 33,216 ( 4 % )                          ;
;     Total combinational functions  ; 1,397 / 33,216 ( 4 % )                          ;
;     Dedicated logic registers      ; 161 / 33,216 ( < 1 % )                          ;
; Total registers                    ; 161                                             ;
; Total pins                         ; 35 / 475 ( 7 % )                                ;
; Total virtual pins                 ; 0                                               ;
; Total memory bits                  ; 0 / 483,840 ( 0 % )                             ;
; Embedded Multiplier 9-bit elements ; 0 / 70 ( 0 % )                                  ;
; Total PLLs                         ; 0 / 4 ( 0 % )                                   ;
+------------------------------------+-------------------------------------------------+


+---------------------------------------------+
; Flow Settings                               ;
+-------------------+-------------------------+
; Option            ; Setting                 ;
+-------------------+-------------------------+
; Start date & time ; 05/06/2018 21:49:58     ;
; Main task         ; Compilation             ;
; Revision Name     ; IP_UART_ET_TELEMETRE_US ;
+-------------------+-------------------------+


+------------------------------------------------------------------------------------------------------------------------------------+
; Flow Non-Default Global Settings                                                                                                   ;
+-------------------------------------+---------------------------------+-------------------------+-----------------+----------------+
; Assignment Name                     ; Value                           ; Default Value           ; Entity Name     ; Section Id     ;
+-------------------------------------+---------------------------------+-------------------------+-----------------+----------------+
; COMPILER_SIGNATURE_ID               ; 167690709734701.152563619805480 ; --                      ; --              ; --             ;
; EDA_OUTPUT_DATA_FORMAT              ; Vhdl                            ; --                      ; --              ; eda_simulation ;
; EDA_SIMULATION_TOOL                 ; ModelSim-Altera (VHDL)          ; <None>                  ; --              ; --             ;
; MAX_CORE_JUNCTION_TEMP              ; 85                              ; --                      ; --              ; --             ;
; MIN_CORE_JUNCTION_TEMP              ; 0                               ; --                      ; --              ; --             ;
; PARTITION_COLOR                     ; 16764057                        ; --                      ; ReferenceDesign ; Top            ;
; PARTITION_FITTER_PRESERVATION_LEVEL ; PLACEMENT_AND_ROUTING           ; --                      ; ReferenceDesign ; Top            ;
; PARTITION_NETLIST_TYPE              ; SOURCE                          ; --                      ; ReferenceDesign ; Top            ;
; PROJECT_OUTPUT_DIRECTORY            ; output_files                    ; --                      ; --              ; --             ;
; TOP_LEVEL_ENTITY                    ; ReferenceDesign                 ; IP_UART_ET_TELEMETRE_US ; --              ; --             ;
+-------------------------------------+---------------------------------+-------------------------+-----------------+----------------+


+-------------------------------------------------------------------------------------------------------------------------------+
; Flow Elapsed Time                                                                                                             ;
+---------------------------+--------------+-------------------------+---------------------+------------------------------------+
; Module Name               ; Elapsed Time ; Average Processors Used ; Peak Virtual Memory ; Total CPU Time (on all processors) ;
+---------------------------+--------------+-------------------------+---------------------+------------------------------------+
; Analysis & Synthesis      ; 00:00:08     ; 1.0                     ; 468 MB              ; 00:00:06                           ;
; Fitter                    ; 00:00:14     ; 1.0                     ; 562 MB              ; 00:00:12                           ;
; Assembler                 ; 00:00:03     ; 1.0                     ; 411 MB              ; 00:00:02                           ;
; TimeQuest Timing Analyzer ; 00:00:03     ; 1.0                     ; 399 MB              ; 00:00:02                           ;
; EDA Netlist Writer        ; 00:00:01     ; 1.0                     ; 376 MB              ; 00:00:01                           ;
; Total                     ; 00:00:29     ; --                      ; --                  ; 00:00:23                           ;
+---------------------------+--------------+-------------------------+---------------------+------------------------------------+


+----------------------------------------------------------------------------------------+
; Flow OS Summary                                                                        ;
+---------------------------+------------------+-----------+------------+----------------+
; Module Name               ; Machine Hostname ; OS Name   ; OS Version ; Processor type ;
+---------------------------+------------------+-----------+------------+----------------+
; Analysis & Synthesis      ; DESKTOP-U0T6PNJ  ; Windows 7 ; 6.2        ; x86_64         ;
; Fitter                    ; DESKTOP-U0T6PNJ  ; Windows 7 ; 6.2        ; x86_64         ;
; Assembler                 ; DESKTOP-U0T6PNJ  ; Windows 7 ; 6.2        ; x86_64         ;
; TimeQuest Timing Analyzer ; DESKTOP-U0T6PNJ  ; Windows 7 ; 6.2        ; x86_64         ;
; EDA Netlist Writer        ; DESKTOP-U0T6PNJ  ; Windows 7 ; 6.2        ; x86_64         ;
+---------------------------+------------------+-----------+------------+----------------+


------------
; Flow Log ;
------------
quartus_map --read_settings_files=on --write_settings_files=off IP_UART_ET_TELEMETRE_US -c IP_UART_ET_TELEMETRE_US
quartus_fit --read_settings_files=off --write_settings_files=off IP_UART_ET_TELEMETRE_US -c IP_UART_ET_TELEMETRE_US
quartus_asm --read_settings_files=off --write_settings_files=off IP_UART_ET_TELEMETRE_US -c IP_UART_ET_TELEMETRE_US
quartus_sta IP_UART_ET_TELEMETRE_US -c IP_UART_ET_TELEMETRE_US
quartus_eda --read_settings_files=off --write_settings_files=off IP_UART_ET_TELEMETRE_US -c IP_UART_ET_TELEMETRE_US



